cycle 0
$00: 0x00000000
$01: 0x00000000
$02: 0x00000000
$03: 0x00000000
$04: 0x00000000
$05: 0x00000000
$06: 0x00000000
$07: 0x00000000
$08: 0x00000000
$09: 0x00000000
$10: 0x00000000
$11: 0x00000000
$12: 0x00000000
$13: 0x00000000
$14: 0x00000000
$15: 0x00000000
$16: 0x00000000
$17: 0x00000000
$18: 0x00000000
$19: 0x00000000
$20: 0x00000000
$21: 0x00000000
$22: 0x00000000
$23: 0x00000000
$24: 0x00000000
$25: 0x00000000
$26: 0x00000000
$27: 0x00000000
$28: 0x00000000
$29: 0x248DF1F4
$30: 0x00000000
$31: 0x00000000
$HI: 0x00000000
$LO: 0x00000000
PC: 0x00000008


cycle 1
PC: 0x0000000C


cycle 2
PC: 0x00000010


cycle 3
$01: 0x7FFFFFFF
PC: 0x00000014


cycle 4
$02: 0x7FFFFFFF
PC: 0x00000018


cycle 5
$01: 0xFFFFFFFE
PC: 0x0000001C


cycle 6
$01: 0xFFFFFFFC
PC: 0x00000020


cycle 7
$01: 0x80000000
PC: 0x00000024


cycle 8
$02: 0x00000001
PC: 0x00000028


cycle 9
$02: 0x7FFF8000
PC: 0x0000002C


cycle 10
PC: 0x00000030


cycle 11
PC: 0x00000034


cycle 12
$01: 0xFFFFFFFF
PC: 0x00000038


cycle 13
$02: 0x3FFFC000
PC: 0x0000003C


cycle 14
$03: 0x00000001
PC: 0x00000040


cycle 15
$03: 0x000000F0
PC: 0x00000044


cycle 16
$03: 0x0000F0F0
PC: 0x00000048


